  main.c
C:\Users\0530l\OneDrive\바탕 화면\2학년 1학기\프랩\2071334-임승택 (야추다이스)\main.c(986,13): warning C4996: 'kbhit': The POSIX name for this item is deprecated. Instead, use the ISO C and C++ conformant name: _kbhit. See online help for details.
C:\Users\0530l\OneDrive\바탕 화면\2학년 1학기\프랩\2071334-임승택 (야추다이스)\main.c(1011,17): warning C4996: 'kbhit': The POSIX name for this item is deprecated. Instead, use the ISO C and C++ conformant name: _kbhit. See online help for details.
C:\Users\0530l\OneDrive\바탕 화면\2학년 1학기\프랩\2071334-임승택 (야추다이스)\main.c(1012,22): warning C4996: 'getch': The POSIX name for this item is deprecated. Instead, use the ISO C and C++ conformant name: _getch. See online help for details.
C:\Users\0530l\OneDrive\바탕 화면\2학년 1학기\프랩\2071334-임승택 (야추다이스)\main.c(1021,26): warning C4996: 'getch': The POSIX name for this item is deprecated. Instead, use the ISO C and C++ conformant name: _getch. See online help for details.
C:\Users\0530l\OneDrive\바탕 화면\2학년 1학기\프랩\2071334-임승택 (야추다이스)\main.c(1036,17): warning C4996: 'kbhit': The POSIX name for this item is deprecated. Instead, use the ISO C and C++ conformant name: _kbhit. See online help for details.
C:\Users\0530l\OneDrive\바탕 화면\2학년 1학기\프랩\2071334-임승택 (야추다이스)\main.c(1037,22): warning C4996: 'getch': The POSIX name for this item is deprecated. Instead, use the ISO C and C++ conformant name: _getch. See online help for details.
C:\Users\0530l\OneDrive\바탕 화면\2학년 1학기\프랩\2071334-임승택 (야추다이스)\main.c(1066,13): warning C4996: 'kbhit': The POSIX name for this item is deprecated. Instead, use the ISO C and C++ conformant name: _kbhit. See online help for details.
C:\Users\0530l\OneDrive\바탕 화면\2학년 1학기\프랩\2071334-임승택 (야추다이스)\main.c(1067,18): warning C4996: 'getch': The POSIX name for this item is deprecated. Instead, use the ISO C and C++ conformant name: _getch. See online help for details.
C:\Users\0530l\OneDrive\바탕 화면\2학년 1학기\프랩\2071334-임승택 (야추다이스)\main.c(1074,22): warning C4996: 'getch': The POSIX name for this item is deprecated. Instead, use the ISO C and C++ conformant name: _getch. See online help for details.
C:\Users\0530l\OneDrive\바탕 화면\2학년 1학기\프랩\2071334-임승택 (야추다이스)\main.c(1107,13): warning C4996: 'kbhit': The POSIX name for this item is deprecated. Instead, use the ISO C and C++ conformant name: _kbhit. See online help for details.
C:\Users\0530l\OneDrive\바탕 화면\2학년 1학기\프랩\2071334-임승택 (야추다이스)\main.c(1108,18): warning C4996: 'getch': The POSIX name for this item is deprecated. Instead, use the ISO C and C++ conformant name: _getch. See online help for details.
C:\Users\0530l\OneDrive\바탕 화면\2학년 1학기\프랩\2071334-임승택 (야추다이스)\main.c(1132,17): warning C4996: 'kbhit': The POSIX name for this item is deprecated. Instead, use the ISO C and C++ conformant name: _kbhit. See online help for details.
C:\Users\0530l\OneDrive\바탕 화면\2학년 1학기\프랩\2071334-임승택 (야추다이스)\main.c(1133,22): warning C4996: 'getch': The POSIX name for this item is deprecated. Instead, use the ISO C and C++ conformant name: _getch. See online help for details.
C:\Users\0530l\OneDrive\바탕 화면\2학년 1학기\프랩\2071334-임승택 (야추다이스)\main.c(1142,17): warning C4996: 'kbhit': The POSIX name for this item is deprecated. Instead, use the ISO C and C++ conformant name: _kbhit. See online help for details.
C:\Users\0530l\OneDrive\바탕 화면\2학년 1학기\프랩\2071334-임승택 (야추다이스)\main.c(1172,13): warning C4996: 'kbhit': The POSIX name for this item is deprecated. Instead, use the ISO C and C++ conformant name: _kbhit. See online help for details.
C:\Users\0530l\OneDrive\바탕 화면\2학년 1학기\프랩\2071334-임승택 (야추다이스)\main.c(1173,18): warning C4996: 'getch': The POSIX name for this item is deprecated. Instead, use the ISO C and C++ conformant name: _getch. See online help for details.
C:\Users\0530l\OneDrive\바탕 화면\2학년 1학기\프랩\2071334-임승택 (야추다이스)\main.c(1271,13): warning C4996: 'kbhit': The POSIX name for this item is deprecated. Instead, use the ISO C and C++ conformant name: _kbhit. See online help for details.
C:\Users\0530l\OneDrive\바탕 화면\2학년 1학기\프랩\2071334-임승택 (야추다이스)\main.c(1272,18): warning C4996: 'getch': The POSIX name for this item is deprecated. Instead, use the ISO C and C++ conformant name: _getch. See online help for details.
C:\Users\0530l\OneDrive\바탕 화면\2학년 1학기\프랩\2071334-임승택 (야추다이스)\main.c(1289,22): warning C4996: 'getch': The POSIX name for this item is deprecated. Instead, use the ISO C and C++ conformant name: _getch. See online help for details.
C:\Users\0530l\OneDrive\바탕 화면\2학년 1학기\프랩\2071334-임승택 (야추다이스)\main.c(1441,11): warning C4244: '함수': 'time_t'에서 'unsigned int'(으)로 변환하면서 데이터가 손실될 수 있습니다.
C:\Users\0530l\OneDrive\바탕 화면\2학년 1학기\프랩\2071334-임승택 (야추다이스)\main.c(1508,17): warning C4996: 'kbhit': The POSIX name for this item is deprecated. Instead, use the ISO C and C++ conformant name: _kbhit. See online help for details.
C:\Users\0530l\OneDrive\바탕 화면\2학년 1학기\프랩\2071334-임승택 (야추다이스)\main.c(1509,24): warning C4996: 'getch': The POSIX name for this item is deprecated. Instead, use the ISO C and C++ conformant name: _getch. See online help for details.
C:\Users\0530l\OneDrive\바탕 화면\2학년 1학기\프랩\2071334-임승택 (야추다이스)\main.c(1612,17): warning C4996: 'kbhit': The POSIX name for this item is deprecated. Instead, use the ISO C and C++ conformant name: _kbhit. See online help for details.
C:\Users\0530l\OneDrive\바탕 화면\2학년 1학기\프랩\2071334-임승택 (야추다이스)\main.c(1613,24): warning C4996: 'getch': The POSIX name for this item is deprecated. Instead, use the ISO C and C++ conformant name: _getch. See online help for details.
C:\Users\0530l\OneDrive\바탕 화면\2학년 1학기\프랩\2071334-임승택 (야추다이스)\main.c(576,1): warning C4715: 'score_num': 모든 제어 경로에서 값을 반환하지는 않습니다.
  Yacht.vcxproj -> C:\Users\0530l\OneDrive\바탕 화면\2학년 1학기\프랩\2071334-임승택 (야추다이스)\x64\Debug\Yacht Dice.exe
